<?xml version="1.0" encoding="UTF-8"?>
<!-- Generated by org.testng.reporters.JUnitXMLReporter -->
<testsuite hostname="luigi-laptop" name="Default test" tests="3" failures="0" timestamp="3 Aug 2013 13:04:36 GMT" time="0.654" errors="0">
  <testcase name="secondSampleMethodTestNG" time="0.151" classname="org.talamona.mockup.tipicalCases.privateMethod.ClassWithPrivateMethodTest"/>
  <testcase name="testPrivateMethod" time="0.003" classname="org.talamona.mockup.tipicalCases.privateMethod.ClassWithPrivateMethodTest"/>
  <testcase name="testSampleMethod" time="0.005" classname="org.talamona.mockup.tipicalCases.privateMethod.ClassWithPrivateMethodTest"/>
</testsuite> <!-- Default test -->
