<?xml version="1.0" encoding="UTF-8"?>
<testng-results skipped="0" failed="0" total="3" passed="3">
  <reporter-output>
  </reporter-output>
  <suite name="Default suite" duration-ms="654" started-at="2013-08-03T13:04:35Z" finished-at="2013-08-03T13:04:36Z">
    <groups>
    </groups>
    <test name="Default test" duration-ms="654" started-at="2013-08-03T13:04:35Z" finished-at="2013-08-03T13:04:36Z">
      <class name="org.talamona.mockup.tipicalCases.privateMethod.ClassWithPrivateMethodTest">
        <test-method status="PASS" signature="beforePowerMockTestClass()[pri:0, instance:org.talamona.mockup.tipicalCases.privateMethod.ClassWithPrivateMethodTest@1f87852]" name="beforePowerMockTestClass" is-config="true" duration-ms="24" started-at="2013-08-03T15:04:35Z" finished-at="2013-08-03T15:04:35Z">
          <reporter-output>
          </reporter-output>
        </test-method> <!-- beforePowerMockTestClass -->
        <test-method status="PASS" signature="beforePowerMockTestMethod()[pri:0, instance:org.talamona.mockup.tipicalCases.privateMethod.ClassWithPrivateMethodTest@1f87852]" name="beforePowerMockTestMethod" is-config="true" duration-ms="258" started-at="2013-08-03T15:04:35Z" finished-at="2013-08-03T15:04:35Z">
          <reporter-output>
          </reporter-output>
        </test-method> <!-- beforePowerMockTestMethod -->
        <test-method status="PASS" signature="setup()[pri:0, instance:org.talamona.mockup.tipicalCases.privateMethod.ClassWithPrivateMethodTest@1f87852]" name="setup" is-config="true" duration-ms="185" started-at="2013-08-03T15:04:35Z" finished-at="2013-08-03T15:04:35Z">
          <reporter-output>
          </reporter-output>
        </test-method> <!-- setup -->
        <test-method status="PASS" signature="secondSampleMethodTestNG()[pri:0, instance:org.talamona.mockup.tipicalCases.privateMethod.ClassWithPrivateMethodTest@1f87852]" name="secondSampleMethodTestNG" duration-ms="151" started-at="2013-08-03T15:04:35Z" finished-at="2013-08-03T15:04:36Z">
          <reporter-output>
          </reporter-output>
        </test-method> <!-- secondSampleMethodTestNG -->
        <test-method status="PASS" signature="afterPowerMockTestMethod()[pri:0, instance:org.talamona.mockup.tipicalCases.privateMethod.ClassWithPrivateMethodTest@1f87852]" name="afterPowerMockTestMethod" is-config="true" duration-ms="3" started-at="2013-08-03T15:04:36Z" finished-at="2013-08-03T15:04:36Z">
          <reporter-output>
          </reporter-output>
        </test-method> <!-- afterPowerMockTestMethod -->
        <test-method status="PASS" signature="beforePowerMockTestMethod()[pri:0, instance:org.talamona.mockup.tipicalCases.privateMethod.ClassWithPrivateMethodTest@1f87852]" name="beforePowerMockTestMethod" is-config="true" duration-ms="2" started-at="2013-08-03T15:04:36Z" finished-at="2013-08-03T15:04:36Z">
          <reporter-output>
          </reporter-output>
        </test-method> <!-- beforePowerMockTestMethod -->
        <test-method status="PASS" signature="setup()[pri:0, instance:org.talamona.mockup.tipicalCases.privateMethod.ClassWithPrivateMethodTest@1f87852]" name="setup" is-config="true" duration-ms="1" started-at="2013-08-03T15:04:36Z" finished-at="2013-08-03T15:04:36Z">
          <reporter-output>
          </reporter-output>
        </test-method> <!-- setup -->
        <test-method status="PASS" signature="testPrivateMethod()[pri:0, instance:org.talamona.mockup.tipicalCases.privateMethod.ClassWithPrivateMethodTest@1f87852]" name="testPrivateMethod" duration-ms="3" started-at="2013-08-03T15:04:36Z" finished-at="2013-08-03T15:04:36Z">
          <reporter-output>
          </reporter-output>
        </test-method> <!-- testPrivateMethod -->
        <test-method status="PASS" signature="afterPowerMockTestMethod()[pri:0, instance:org.talamona.mockup.tipicalCases.privateMethod.ClassWithPrivateMethodTest@1f87852]" name="afterPowerMockTestMethod" is-config="true" duration-ms="1" started-at="2013-08-03T15:04:36Z" finished-at="2013-08-03T15:04:36Z">
          <reporter-output>
          </reporter-output>
        </test-method> <!-- afterPowerMockTestMethod -->
        <test-method status="PASS" signature="beforePowerMockTestMethod()[pri:0, instance:org.talamona.mockup.tipicalCases.privateMethod.ClassWithPrivateMethodTest@1f87852]" name="beforePowerMockTestMethod" is-config="true" duration-ms="1" started-at="2013-08-03T15:04:36Z" finished-at="2013-08-03T15:04:36Z">
          <reporter-output>
          </reporter-output>
        </test-method> <!-- beforePowerMockTestMethod -->
        <test-method status="PASS" signature="setup()[pri:0, instance:org.talamona.mockup.tipicalCases.privateMethod.ClassWithPrivateMethodTest@1f87852]" name="setup" is-config="true" duration-ms="1" started-at="2013-08-03T15:04:36Z" finished-at="2013-08-03T15:04:36Z">
          <reporter-output>
          </reporter-output>
        </test-method> <!-- setup -->
        <test-method status="PASS" signature="testSampleMethod()[pri:0, instance:org.talamona.mockup.tipicalCases.privateMethod.ClassWithPrivateMethodTest@1f87852]" name="testSampleMethod" duration-ms="5" started-at="2013-08-03T15:04:36Z" finished-at="2013-08-03T15:04:36Z">
          <reporter-output>
          </reporter-output>
        </test-method> <!-- testSampleMethod -->
        <test-method status="PASS" signature="afterPowerMockTestMethod()[pri:0, instance:org.talamona.mockup.tipicalCases.privateMethod.ClassWithPrivateMethodTest@1f87852]" name="afterPowerMockTestMethod" is-config="true" duration-ms="0" started-at="2013-08-03T15:04:36Z" finished-at="2013-08-03T15:04:36Z">
          <reporter-output>
          </reporter-output>
        </test-method> <!-- afterPowerMockTestMethod -->
        <test-method status="PASS" signature="afterPowerMockTestClass()[pri:0, instance:org.talamona.mockup.tipicalCases.privateMethod.ClassWithPrivateMethodTest@1f87852]" name="afterPowerMockTestClass" is-config="true" duration-ms="1" started-at="2013-08-03T15:04:36Z" finished-at="2013-08-03T15:04:36Z">
          <reporter-output>
          </reporter-output>
        </test-method> <!-- afterPowerMockTestClass -->
      </class> <!-- org.talamona.mockup.tipicalCases.privateMethod.ClassWithPrivateMethodTest -->
    </test> <!-- Default test -->
  </suite> <!-- Default suite -->
</testng-results>
